  0.26666667   0.44383758
  0.80000000   0.17821205
  1.33333333   0.11023775
  1.86666667   0.07879215
  2.40000000   0.06069797
  2.93333333   0.04897936
  3.46666667   0.04079807
  4.00000000   0.03478027
  4.53333333   0.03018003
  5.06666667   0.02655760
  5.60000000   0.02363713
  6.13333333   0.02123694
  6.66666667   0.01923263
  7.20000000   0.01753619
  7.73333333   0.01608366
  8.26666667   0.01482747
  8.80000000   0.01373152
  9.33333333   0.01276797
  9.86666667   0.01191497
 10.40000000   0.01115518
 10.93333333   0.01047465
 11.46666667   0.00986205
 12.00000000   0.00930807
 12.53333333   0.00880501
 13.06666667   0.00834642
 13.60000000   0.00792690
 14.13333333   0.00754187
 14.66666667   0.00718741
 15.20000000   0.00686019
 15.73333333   0.00655731
 16.26666667   0.00627629
 16.80000000   0.00601493
 17.33333333   0.00577134
 17.86666667   0.00554386
 18.40000000   0.00533101
 18.93333333   0.00513148
 19.46666667   0.00494414
 20.00000000   0.00476794
 20.53333333   0.00460198
 21.06666667   0.00444543
 21.60000000   0.00429755
 22.13333333   0.00415767
 22.66666667   0.00402521
 23.20000000   0.00389961
 23.73333333   0.00378038
 24.26666667   0.00366708
 24.80000000   0.00355930
 25.33333333   0.00345666
 25.86666667   0.00335883
 26.40000000   0.00326549
 26.93333333   0.00317636
 27.46666667   0.00309118
 28.00000000   0.00300970
 28.53333333   0.00293170
 29.06666667   0.00285698
 29.60000000   0.00278534
 30.13333333   0.00271662
 30.66666667   0.00265063
 31.20000000   0.00258724
 31.73333333   0.00252631
 32.26666667   0.00246769
 32.80000000   0.00241128
 33.33333333   0.00235694
 33.86666667   0.00230459
 34.40000000   0.00225411
 34.93333333   0.00220542
 35.46666667   0.00215843
 36.00000000   0.00211305
 36.53333333   0.00206922
 37.06666667   0.00202684
 37.60000000   0.00198587
 38.13333333   0.00194623
 38.66666667   0.00190787
 39.20000000   0.00187073
 39.73333333   0.00183475
 40.26666667   0.00179988
 40.80000000   0.00176608
 41.33333333   0.00173330
 41.86666667   0.00170150
 42.40000000   0.00167064
 42.93333333   0.00164068
 43.46666667   0.00161158
 44.00000000   0.00158332
 44.53333333   0.00155584
 45.06666667   0.00152914
 45.60000000   0.00150317
 46.13333333   0.00147791
 46.66666667   0.00145332
 47.20000000   0.00142940
 47.73333333   0.00140611
 48.26666667   0.00138342
 48.80000000   0.00136132
 49.33333333   0.00133979
 49.86666667   0.00131881
 50.40000000   0.00129835
 50.93333333   0.00127839
 51.46666667   0.00125893
 52.00000000   0.00123995
 52.53333333   0.00122142
 53.06666667   0.00120334
 53.60000000   0.00118568
 54.13333333   0.00116844
 54.66666667   0.00115160
 55.20000000   0.00113514
 55.73333333   0.00111907
 56.26666667   0.00110335
 56.80000000   0.00108799
 57.33333333   0.00107297
 57.86666667   0.00105828
 58.40000000   0.00104392
 58.93333333   0.00102986
 59.46666667   0.00101611
 60.00000000   0.00100265
 60.53333333   0.00098947
 61.06666667   0.00097657
 61.60000000   0.00096394
 62.13333333   0.00095157
 62.66666667   0.00093945
 63.20000000   0.00092758
 63.73333333   0.00091594
 64.26666667   0.00090454
 64.80000000   0.00089337
 65.33333333   0.00088241
 65.86666667   0.00087167
 66.40000000   0.00086114
 66.93333333   0.00085081
 67.46666667   0.00084067
 68.00000000   0.00083073
 68.53333333   0.00082098
 69.06666667   0.00081141
 69.60000000   0.00080201
 70.13333333   0.00079279
 70.66666667   0.00078374
 71.20000000   0.00077485
 71.73333333   0.00076612
 72.26666667   0.00075755
 72.80000000   0.00074913
 73.33333333   0.00074086
 73.86666667   0.00073273
 74.40000000   0.00072475
 74.93333333   0.00071690
 75.46666667   0.00070919
 76.00000000   0.00070161
 76.53333333   0.00069415
 77.06666667   0.00068683
 77.60000000   0.00067962
 78.13333333   0.00067254
 78.66666667   0.00066557
 79.20000000   0.00065872
 79.73333333   0.00065198
