    0.1000000000E+01    0.1240701316E+01    0.1000000000E+01    0.1000000000E+01    0.1000000000E+01    0.1000000000E+01
    0.2974273823E+01    0.1784271310E+01    0.0000000000E+00    0.0000000000E+00    0.0000000000E+00    0.0000000000E+00
    0.5102902241E+01    0.2136024971E+01    0.0000000000E+00    0.0000000000E+00    0.0000000000E+00    0.0000000000E+00
    0.7397953154E+01    0.2417525711E+01    0.0000000000E+00    0.0000000000E+00    0.0000000000E+00    0.0000000000E+00
    0.9872437967E+01    0.2661595461E+01    0.0000000000E+00    0.0000000000E+00    0.0000000000E+00    0.0000000000E+00
    0.1254038536E+02    0.2882510315E+01    0.0000000000E+00    0.0000000000E+00    0.0000000000E+00    0.0000000000E+00
    0.1541692080E+02    0.3087922959E+01    0.0000000000E+00    0.0000000000E+00    0.0000000000E+00    0.0000000000E+00
    0.1851835234E+02    0.3282474470E+01    0.0000000000E+00    0.0000000000E+00    0.0000000000E+00    0.0000000000E+00
    0.2186226300E+02    0.3469223511E+01    0.0000000000E+00    0.0000000000E+00    0.0000000000E+00    0.0000000000E+00
    0.2546761055E+02    0.3650311915E+01    0.0000000000E+00    0.0000000000E+00    0.0000000000E+00    0.0000000000E+00
    0.2935483487E+02    0.3827311320E+01    0.0000000000E+00    0.0000000000E+00    0.0000000000E+00    0.0000000000E+00
    0.3354597395E+02    0.4001419134E+01    0.0000000000E+00    0.0000000000E+00    0.0000000000E+00    0.0000000000E+00
    0.3806478873E+02    0.4173576554E+01    0.0000000000E+00    0.0000000000E+00    0.0000000000E+00    0.0000000000E+00
    0.4293689789E+02    0.4344543308E+01    0.0000000000E+00    0.0000000000E+00    0.0000000000E+00    0.0000000000E+00
    0.4818992301E+02    0.4514946968E+01    0.0000000000E+00    0.0000000000E+00    0.0000000000E+00    0.0000000000E+00
    0.5385364525E+02    0.4685316619E+01    0.0000000000E+00    0.0000000000E+00    0.0000000000E+00    0.0000000000E+00
    0.5996017412E+02    0.4856106520E+01    0.0000000000E+00    0.0000000000E+00    0.0000000000E+00    0.0000000000E+00
    0.6654412957E+02    0.5027713158E+01    0.0000000000E+00    0.0000000000E+00    0.0000000000E+00    0.0000000000E+00
    0.7364283822E+02    0.5200487802E+01    0.0000000000E+00    0.0000000000E+00    0.0000000000E+00    0.0000000000E+00
    0.8129654501E+02    0.5374745925E+01    0.0000000000E+00    0.0000000000E+00    0.0000000000E+00    0.0000000000E+00
    0.8954864134E+02    0.5550774396E+01    0.0000000000E+00    0.0000000000E+00    0.0000000000E+00    0.0000000000E+00
    0.9844591109E+02    0.5728837061E+01    0.0000000000E+00    0.0000000000E+00    0.0000000000E+00    0.0000000000E+00
    0.1080387958E+03    0.5909179117E+01    0.0000000000E+00    0.0000000000E+00    0.0000000000E+00    0.0000000000E+00
    0.1183816808E+03    0.6092030608E+01    0.0000000000E+00    0.0000000000E+00    0.0000000000E+00    0.0000000000E+00
    0.1295332032E+03    0.6277609226E+01    0.0000000000E+00    0.0000000000E+00    0.0000000000E+00    0.0000000000E+00
    0.1415565849E+03    0.6466122602E+01    0.0000000000E+00    0.0000000000E+00    0.0000000000E+00    0.0000000000E+00
    0.1545199902E+03    0.6657770186E+01    0.0000000000E+00    0.0000000000E+00    0.0000000000E+00    0.0000000000E+00
    0.1684969131E+03    0.6852744804E+01    0.0000000000E+00    0.0000000000E+00    0.0000000000E+00    0.0000000000E+00
    0.1835665933E+03    0.7051233970E+01    0.0000000000E+00    0.0000000000E+00    0.0000000000E+00    0.0000000000E+00
    0.1998144659E+03    0.7253420993E+01    0.0000000000E+00    0.0000000000E+00    0.0000000000E+00    0.0000000000E+00
    0.2173326455E+03    0.7459485915E+01    0.0000000000E+00    0.0000000000E+00    0.0000000000E+00    0.0000000000E+00
    0.2362204484E+03    0.7669606326E+01    0.0000000000E+00    0.0000000000E+00    0.0000000000E+00    0.0000000000E+00
    0.2565849559E+03    0.7883958069E+01    0.0000000000E+00    0.0000000000E+00    0.0000000000E+00    0.0000000000E+00
    0.2785416211E+03    0.8102715848E+01    0.0000000000E+00    0.0000000000E+00    0.0000000000E+00    0.0000000000E+00
    0.3022149237E+03    0.8326053775E+01    0.0000000000E+00    0.0000000000E+00    0.0000000000E+00    0.0000000000E+00
    0.3277390753E+03    0.8554145849E+01    0.0000000000E+00    0.0000000000E+00    0.0000000000E+00    0.0000000000E+00
    0.3552587811E+03    0.8787166385E+01    0.0000000000E+00    0.0000000000E+00    0.0000000000E+00    0.0000000000E+00
    0.3849300591E+03    0.9025290402E+01    0.0000000000E+00    0.0000000000E+00    0.0000000000E+00    0.0000000000E+00
    0.4169211259E+03    0.9268693977E+01    0.0000000000E+00    0.0000000000E+00    0.0000000000E+00    0.0000000000E+00
    0.4514133494E+03    0.9517554566E+01    0.0000000000E+00    0.0000000000E+00    0.0000000000E+00    0.0000000000E+00
    0.4886022773E+03    0.9772051303E+01    0.0000000000E+00    0.0000000000E+00    0.0000000000E+00    0.0000000000E+00
    0.5286987462E+03    0.1003236527E+02    0.0000000000E+00    0.0000000000E+00    0.0000000000E+00    0.0000000000E+00
    0.5719300762E+03    0.1029867978E+02    0.0000000000E+00    0.0000000000E+00    0.0000000000E+00    0.0000000000E+00
    0.6185413600E+03    0.1057118057E+02    0.0000000000E+00    0.0000000000E+00    0.0000000000E+00    0.0000000000E+00
    0.6687968525E+03    0.1085005608E+02    0.0000000000E+00    0.0000000000E+00    0.0000000000E+00    0.0000000000E+00
    0.7229814688E+03    0.1113549767E+02    0.0000000000E+00    0.0000000000E+00    0.0000000000E+00    0.0000000000E+00
    0.7814023994E+03    0.1142769979E+02    0.0000000000E+00    0.0000000000E+00    0.0000000000E+00    0.0000000000E+00
    0.8443908519E+03    0.1172686024E+02    0.0000000000E+00    0.0000000000E+00    0.0000000000E+00    0.0000000000E+00
    0.9123039288E+03    0.1203318031E+02    0.0000000000E+00    0.0000000000E+00    0.0000000000E+00    0.0000000000E+00
    0.9855266520E+03    0.1234686503E+02    0.0000000000E+00    0.0000000000E+00    0.0000000000E+00    0.0000000000E+00
    0.1064474145E+04    0.1266812330E+02    0.0000000000E+00    0.0000000000E+00    0.0000000000E+00    0.0000000000E+00
    0.1149593988E+04    0.1299716814E+02    0.0000000000E+00    0.0000000000E+00    0.0000000000E+00    0.0000000000E+00
    0.1241368753E+04    0.1333421682E+02    0.0000000000E+00    0.0000000000E+00    0.0000000000E+00    0.0000000000E+00
    0.1340318742E+04    0.1367949105E+02    0.0000000000E+00    0.0000000000E+00    0.0000000000E+00    0.0000000000E+00
    0.1447004935E+04    0.1403321719E+02    0.0000000000E+00    0.0000000000E+00    0.0000000000E+00    0.0000000000E+00
    0.1562032172E+04    0.1439562641E+02    0.0000000000E+00    0.0000000000E+00    0.0000000000E+00    0.0000000000E+00
    0.1686052580E+04    0.1476695486E+02    0.0000000000E+00    0.0000000000E+00    0.0000000000E+00    0.0000000000E+00
    0.1819769272E+04    0.1514744387E+02    0.0000000000E+00    0.0000000000E+00    0.0000000000E+00    0.0000000000E+00
    0.1963940332E+04    0.1553734011E+02    0.0000000000E+00    0.0000000000E+00    0.0000000000E+00    0.0000000000E+00
    0.2119383115E+04    0.1593689579E+02    0.0000000000E+00    0.0000000000E+00    0.0000000000E+00    0.0000000000E+00
    0.2286978876E+04    0.1634636883E+02    0.0000000000E+00    0.0000000000E+00    0.0000000000E+00    0.0000000000E+00
    0.2467677771E+04    0.1676602306E+02    0.0000000000E+00    0.0000000000E+00    0.0000000000E+00    0.0000000000E+00
    0.2662504244E+04    0.1719612839E+02    0.0000000000E+00    0.0000000000E+00    0.0000000000E+00    0.0000000000E+00
    0.2872562828E+04    0.1763696101E+02    0.0000000000E+00    0.0000000000E+00    0.0000000000E+00    0.0000000000E+00
    0.3099044418E+04    0.1808880358E+02    0.0000000000E+00    0.0000000000E+00    0.0000000000E+00    0.0000000000E+00
    0.3343233010E+04    0.1855194543E+02    0.0000000000E+00    0.0000000000E+00    0.0000000000E+00    0.0000000000E+00
    0.3606512993E+04    0.1902668273E+02    0.0000000000E+00    0.0000000000E+00    0.0000000000E+00    0.0000000000E+00
    0.3890376987E+04    0.1951331874E+02    0.0000000000E+00    0.0000000000E+00    0.0000000000E+00    0.0000000000E+00
    0.4196434312E+04    0.2001216396E+02    0.0000000000E+00    0.0000000000E+00    0.0000000000E+00    0.0000000000E+00
    0.4526420108E+04    0.2052353640E+02    0.0000000000E+00    0.0000000000E+00    0.0000000000E+00    0.0000000000E+00
    0.4882205174E+04    0.2104776171E+02    0.0000000000E+00    0.0000000000E+00    0.0000000000E+00    0.0000000000E+00
    0.5265806574E+04    0.2158517348E+02    0.0000000000E+00    0.0000000000E+00    0.0000000000E+00    0.0000000000E+00
    0.5679399072E+04    0.2213611342E+02    0.0000000000E+00    0.0000000000E+00    0.0000000000E+00    0.0000000000E+00
    0.6125327459E+04    0.2270093158E+02    0.0000000000E+00    0.0000000000E+00    0.0000000000E+00    0.0000000000E+00
    0.6606119854E+04    0.2327998658E+02    0.0000000000E+00    0.0000000000E+00    0.0000000000E+00    0.0000000000E+00
    0.7124502026E+04    0.2387364587E+02    0.0000000000E+00    0.0000000000E+00    0.0000000000E+00    0.0000000000E+00
    0.7683412858E+04    0.2448228595E+02    0.0000000000E+00    0.0000000000E+00    0.0000000000E+00    0.0000000000E+00
    0.8286020998E+04    0.2510629260E+02    0.0000000000E+00    0.0000000000E+00    0.0000000000E+00    0.0000000000E+00
    0.8935742835E+04    0.2574606116E+02    0.0000000000E+00    0.0000000000E+00    0.0000000000E+00    0.0000000000E+00
    0.9636261855E+04    0.2640199678E+02    0.0000000000E+00    0.0000000000E+00    0.0000000000E+00    0.0000000000E+00
