    0.1000000000E+01    0.5263157895E+00
    0.2974273823E+01    0.0000000000E+00
    0.5102902241E+01    0.0000000000E+00
    0.7397953154E+01    0.0000000000E+00
    0.9872437967E+01    0.0000000000E+00
    0.1254038536E+02    0.0000000000E+00
    0.1541692080E+02    0.0000000000E+00
    0.1851835234E+02    0.0000000000E+00
    0.2186226300E+02    0.0000000000E+00
    0.2546761055E+02    0.0000000000E+00
    0.2935483487E+02    0.0000000000E+00
    0.3354597395E+02    0.0000000000E+00
    0.3806478873E+02    0.0000000000E+00
    0.4293689789E+02    0.0000000000E+00
    0.4818992301E+02    0.0000000000E+00
    0.5385364525E+02    0.0000000000E+00
    0.5996017412E+02    0.0000000000E+00
    0.6654412957E+02    0.0000000000E+00
    0.7364283822E+02    0.0000000000E+00
    0.8129654501E+02    0.0000000000E+00
    0.8954864134E+02    0.0000000000E+00
    0.9844591109E+02    0.0000000000E+00
    0.1080387958E+03    0.0000000000E+00
    0.1183816808E+03    0.0000000000E+00
    0.1295332032E+03    0.0000000000E+00
    0.1415565849E+03    0.0000000000E+00
    0.1545199902E+03    0.0000000000E+00
    0.1684969131E+03    0.0000000000E+00
    0.1835665933E+03    0.0000000000E+00
    0.1998144659E+03    0.0000000000E+00
    0.2173326455E+03    0.0000000000E+00
    0.2362204484E+03    0.0000000000E+00
    0.2565849559E+03    0.0000000000E+00
    0.2785416211E+03    0.0000000000E+00
    0.3022149237E+03    0.0000000000E+00
    0.3277390753E+03    0.0000000000E+00
    0.3552587811E+03    0.0000000000E+00
    0.3849300591E+03    0.0000000000E+00
    0.4169211259E+03    0.0000000000E+00
    0.4514133494E+03    0.0000000000E+00
    0.4886022773E+03    0.0000000000E+00
    0.5286987462E+03    0.0000000000E+00
    0.5719300762E+03    0.0000000000E+00
    0.6185413600E+03    0.0000000000E+00
    0.6687968525E+03    0.0000000000E+00
    0.7229814688E+03    0.0000000000E+00
    0.7814023994E+03    0.0000000000E+00
    0.8443908519E+03    0.0000000000E+00
    0.9123039288E+03    0.0000000000E+00
    0.9855266520E+03    0.0000000000E+00
    0.1064474145E+04    0.0000000000E+00
    0.1149593988E+04    0.0000000000E+00
    0.1241368753E+04    0.0000000000E+00
    0.1340318742E+04    0.0000000000E+00
    0.1447004935E+04    0.0000000000E+00
    0.1562032172E+04    0.0000000000E+00
    0.1686052580E+04    0.0000000000E+00
    0.1819769272E+04    0.0000000000E+00
    0.1963940332E+04    0.0000000000E+00
    0.2119383115E+04    0.0000000000E+00
    0.2286978876E+04    0.0000000000E+00
    0.2467677771E+04    0.0000000000E+00
    0.2662504244E+04    0.0000000000E+00
    0.2872562828E+04    0.0000000000E+00
    0.3099044418E+04    0.0000000000E+00
    0.3343233010E+04    0.0000000000E+00
    0.3606512993E+04    0.0000000000E+00
    0.3890376987E+04    0.0000000000E+00
    0.4196434312E+04    0.0000000000E+00
    0.4526420108E+04    0.0000000000E+00
    0.4882205174E+04    0.0000000000E+00
    0.5265806574E+04    0.0000000000E+00
    0.5679399072E+04    0.0000000000E+00
    0.6125327459E+04    0.0000000000E+00
    0.6606119854E+04    0.0000000000E+00
    0.7124502026E+04    0.0000000000E+00
    0.7683412858E+04    0.0000000000E+00
    0.8286020998E+04    0.0000000000E+00
    0.8935742835E+04    0.0000000000E+00
    0.9636261855E+04    0.0000000000E+00
